<?xml version="1.0" encoding="UTF-8"?>
<testsuite xmlns:xsi="http://www.w3.org/2001/XMLSchema-instance" xsi:noNamespaceSchemaLocation="https://maven.apache.org/surefire/maven-surefire-plugin/xsd/surefire-test-report-3.0.xsd" version="3.0" name="org.example.VendaTest" time="0.017" tests="13" errors="0" skipped="0" failures="0">
  <properties>
[...]
</properties>
  <testcase name="TestarAumentoEstoqueAposVenda" classname="org.example.VendaTest" time="0.002"/>
  <testcase name="TestarCriacaoVariosProdutosRealizarVendasComEstoqueCompartilhado" classname="org.example.VendaTest" time="0.001"/>
  <testcase name="TestarAlteracaoEstoqueAposTentativaVendaComEstoqueInsuficiente" classname="org.example.VendaTest" time="0.001"/>
  <testcase name="TestarVendaQuantidadeMaiorQueEstoqueDisponível" classname="org.example.VendaTest" time="0.0"/>
  <testcase name="TestarRealizarVendaProdutoQueNaoExiste" classname="org.example.VendaTest" time="0.0"/>
  <testcase name="TestarCalculoTotalVendaCorretamente" classname="org.example.VendaTest" time="0.0"/>
  <testcase name="TestarCriacaoVendaQuantidadeNegativa" classname="org.example.VendaTest" time="0.001"/>
  <testcase name="TestarComportamentoVendaQuandoEstoqueInicialZero" classname="org.example.VendaTest" time="0.001"/>
  <testcase name="TestarAumentoEstoqueAposReposicaoVerificarVendaBemSucedidaPosteriormente" classname="org.example.VendaTest" time="0.001"/>
  <testcase name="TestarVendaQuantidadeMenorQueEstoqueDisponível" classname="org.example.VendaTest" time="0.0"/>
  <testcase name="TestarCalcularTotalVendaQuandoPrecoProdutoAlteradoAntesDaVenda" classname="org.example.VendaTest" time="0.0"/>
  <testcase name="TestarDiminuicaoEstoqueAposVenda" classname="org.example.VendaTest" time="0.001"/>
  <testcase name="TestarVendaQuantidadeIgualQueEstoqueDisponível" classname="org.example.VendaTest" time="0.0"/>
</testsuite>